<?xml version="1.0" encoding="UTF-8"?>
<!-- Generated by org.testng.reporters.JUnitReportReporter -->
<testsuite hostname="inheritxsales" name="ParallelTest" tests="2" failures="0" timestamp="3 Mar 2016 11:08:24 GMT" time="93.912" errors="0">
  <testcase name="sessionTwo" time="44.843" classname="ParallelTest"/>
  <testcase name="sessionOne" time="49.069" classname="ParallelTest"/>
</testsuite> <!-- ParallelTest -->
