<?xml version="1.0" encoding="UTF-8"?>
<!-- Generated by org.testng.reporters.JUnitReportReporter -->
<testsuite hostname="inheritxsales" name="Guru99CrossBrowserScript" tests="2" failures="0" timestamp="1 Mar 2016 12:32:57 GMT" time="10.754" errors="0">
  <testcase name="testParameterWithXML" time="5.154" classname="Guru99CrossBrowserScript"/>
  <testcase name="testParameterWithXML" time="5.600" classname="Guru99CrossBrowserScript"/>
</testsuite> <!-- Guru99CrossBrowserScript -->
