<?xml version="1.0" encoding="UTF-8"?>
<!-- Generated by org.testng.reporters.JUnitReportReporter -->
<testsuite hostname="inheritxsales" name="PageScroll" tests="2" failures="0" timestamp="18 Jan 2016 06:21:22 GMT" time="9.778" errors="0">
  <testcase name="scrollingUpToBottom" time="5.506" classname="PageScroll"/>
  <testcase name="scrollingToElementofAPage" time="4.272" classname="PageScroll"/>
</testsuite> <!-- PageScroll -->
