<?xml version="1.0" encoding="UTF-8"?>
<!-- Generated by org.testng.reporters.JUnitReportReporter -->
<testsuite hostname="inheritxsales" name="testCase.ExecuteTest" tests="1" failures="0" timestamp="5 Apr 2016 09:22:07 GMT" time="20.712" errors="0">
  <testcase name="testLogin" time="20.712" classname="testCase.ExecuteTest"/>
</testsuite> <!-- testCase.ExecuteTest -->
